  Building Custom Rule E:/workspace/funra/source/rbase/common/CMakeLists.txt
  dict.c
  mt19937-64.c
  siphash.c
  rdict.c
  rlist.c
  rtime.c
  rlog.c
  Platform info: _WIN64=_WIN64
  Platform info: _WIN64=_WIN64
E:\workspace\funra\source\rbase\..\rbase\common\include\rcommon.h(251): warning C4018: “>=”: 有符号/无符号不匹配 (编译源文件 E:\workspace\funra\source\rbase\common\src\rdict.c)
E:\workspace\funra\source\rbase\..\rbase\common\include\rcommon.h(260): warning C4018: “>=”: 有符号/无符号不匹配 (编译源文件 E:\workspace\funra\source\rbase\common\src\rdict.c)
E:\workspace\funra\source\rbase\..\rbase\common\include\rcommon.h(251): warning C4018: “>=”: 有符号/无符号不匹配 (编译源文件 E:\workspace\funra\source\rbase\common\src\rlog.c)
E:\workspace\funra\source\rbase\..\rbase\common\include\rcommon.h(260): warning C4018: “>=”: 有符号/无符号不匹配 (编译源文件 E:\workspace\funra\source\rbase\common\src\rlog.c)
E:\workspace\funra\source\rbase\common\src\rlog.c(26): warning C4091: “static ”: 没有声明变量时忽略“RTL_CRITICAL_SECTION”的左侧
E:\workspace\funra\source\rbase\..\rbase\common\include\rdict.h(52): error C2143: 语法错误: 缺少“)”(在“*”的前面) (编译源文件 E:\workspace\funra\source\rbase\common\src\rdict.c)
E:\workspace\funra\source\rbase\..\rbase\common\include\rdict.h(52): error C2143: 语法错误: 缺少“{”(在“*”的前面) (编译源文件 E:\workspace\funra\source\rbase\common\src\rdict.c)
E:\workspace\funra\source\rbase\..\rbase\common\include\rdict.h(52): error C2059: 语法错误:“)” (编译源文件 E:\workspace\funra\source\rbase\common\src\rdict.c)
E:\workspace\funra\source\rbase\..\rbase\common\include\rdict.h(60): error C2143: 语法错误: 缺少“)”(在“*”的前面) (编译源文件 E:\workspace\funra\source\rbase\common\src\rdict.c)
E:\workspace\funra\source\rbase\..\rbase\common\include\rdict.h(60): error C2143: 语法错误: 缺少“{”(在“*”的前面) (编译源文件 E:\workspace\funra\source\rbase\common\src\rdict.c)
E:\workspace\funra\source\rbase\..\rbase\common\include\rdict.h(61): error C2373: “apr_hashfunc_t”: 重定义；不同的类型修饰符 (编译源文件 E:\workspace\funra\source\rbase\common\src\rdict.c)
  E:\workspace\funra\source\rbase\..\rbase\common\include\rdict.h(39): note: 参见“apr_hashfunc_t”的声明 (编译源文件 E:\workspace\funra\source\rbase\common\src\rdict.c)
E:\workspace\funra\source\rbase\..\rbase\common\include\rdict.h(61): error C2146: 语法错误: 缺少“;”(在标识符“hash_func”的前面) (编译源文件 E:\workspace\funra\source\rbase\common\src\rdict.c)
E:\workspace\funra\source\rbase\..\rbase\common\include\rdict.h(61): error C2059: 语法错误:“)” (编译源文件 E:\workspace\funra\source\rbase\common\src\rdict.c)
E:\workspace\funra\source\rbase\..\rbase\common\include\rdict.h(70): error C2143: 语法错误: 缺少“)”(在“*”的前面) (编译源文件 E:\workspace\funra\source\rbase\common\src\rdict.c)
E:\workspace\funra\source\rbase\..\rbase\common\include\rdict.h(70): error C2143: 语法错误: 缺少“{”(在“*”的前面) (编译源文件 E:\workspace\funra\source\rbase\common\src\rdict.c)
E:\workspace\funra\source\rbase\..\rbase\common\include\rdict.h(71): error C2371: “apr_hash_t”: 重定义；不同的基类型 (编译源文件 E:\workspace\funra\source\rbase\common\src\rdict.c)
  E:\workspace\funra\source\rbase\..\rbase\common\include\rdict.h(26): note: 参见“apr_hash_t”的声明 (编译源文件 E:\workspace\funra\source\rbase\common\src\rdict.c)
E:\workspace\funra\source\rbase\..\rbase\common\include\rdict.h(71): warning C4228: 使用了非标准扩展: 忽略声明符列表中逗号后面的限定符 (编译源文件 E:\workspace\funra\source\rbase\common\src\rdict.c)
E:\workspace\funra\source\rbase\..\rbase\common\include\rdict.h(71): error C2143: 语法错误: 缺少“;”(在“*”的前面) (编译源文件 E:\workspace\funra\source\rbase\common\src\rdict.c)
E:\workspace\funra\source\rbase\..\rbase\common\include\rdict.h(71): error C2059: 语法错误:“)” (编译源文件 E:\workspace\funra\source\rbase\common\src\rdict.c)
E:\workspace\funra\source\rbase\..\rbase\common\include\rdict.h(122): error C2143: 语法错误: 缺少“)”(在“*”的前面) (编译源文件 E:\workspace\funra\source\rbase\common\src\rdict.c)
E:\workspace\funra\source\rbase\..\rbase\common\include\rdict.h(122): error C2143: 语法错误: 缺少“{”(在“*”的前面) (编译源文件 E:\workspace\funra\source\rbase\common\src\rdict.c)
E:\workspace\funra\source\rbase\..\rbase\common\include\rdict.h(122): error C2371: “apr_hash_t”: 重定义；不同的基类型 (编译源文件 E:\workspace\funra\source\rbase\common\src\rdict.c)
  E:\workspace\funra\source\rbase\..\rbase\common\include\rdict.h(26): note: 参见“apr_hash_t”的声明 (编译源文件 E:\workspace\funra\source\rbase\common\src\rdict.c)
E:\workspace\funra\source\rbase\..\rbase\common\include\rdict.h(122): error C2143: 语法错误: 缺少“;”(在“*”的前面) (编译源文件 E:\workspace\funra\source\rbase\common\src\rdict.c)
E:\workspace\funra\source\rbase\..\rbase\common\include\rdict.h(122): error C2059: 语法错误:“)” (编译源文件 E:\workspace\funra\source\rbase\common\src\rdict.c)
E:\workspace\funra\source\rbase\..\rbase\common\include\rdict.h(187): error C2143: 语法错误: 缺少“)”(在“*”的前面) (编译源文件 E:\workspace\funra\source\rbase\common\src\rdict.c)
E:\workspace\funra\source\rbase\..\rbase\common\include\rdict.h(187): error C2143: 语法错误: 缺少“{”(在“*”的前面) (编译源文件 E:\workspace\funra\source\rbase\common\src\rdict.c)
E:\workspace\funra\source\rbase\..\rbase\common\include\rdict.h(188): error C2371: “apr_hash_t”: 重定义；不同的基类型 (编译源文件 E:\workspace\funra\source\rbase\common\src\rdict.c)
  E:\workspace\funra\source\rbase\..\rbase\common\include\rdict.h(26): note: 参见“apr_hash_t”的声明 (编译源文件 E:\workspace\funra\source\rbase\common\src\rdict.c)
E:\workspace\funra\source\rbase\..\rbase\common\include\rdict.h(188): warning C4228: 使用了非标准扩展: 忽略声明符列表中逗号后面的限定符 (编译源文件 E:\workspace\funra\source\rbase\common\src\rdict.c)
E:\workspace\funra\source\rbase\..\rbase\common\include\rdict.h(188): error C2143: 语法错误: 缺少“;”(在“*”的前面) (编译源文件 E:\workspace\funra\source\rbase\common\src\rdict.c)
E:\workspace\funra\source\rbase\..\rbase\common\include\rdict.h(189): error C2371: “apr_hash_t”: 重定义；不同的基类型 (编译源文件 E:\workspace\funra\source\rbase\common\src\rdict.c)
  E:\workspace\funra\source\rbase\..\rbase\common\include\rdict.h(26): note: 参见“apr_hash_t”的声明 (编译源文件 E:\workspace\funra\source\rbase\common\src\rdict.c)
E:\workspace\funra\source\rbase\..\rbase\common\include\rdict.h(189): warning C4228: 使用了非标准扩展: 忽略声明符列表中逗号后面的限定符 (编译源文件 E:\workspace\funra\source\rbase\common\src\rdict.c)
E:\workspace\funra\source\rbase\..\rbase\common\include\rdict.h(189): error C2143: 语法错误: 缺少“;”(在“*”的前面) (编译源文件 E:\workspace\funra\source\rbase\common\src\rdict.c)
E:\workspace\funra\source\rbase\..\rbase\common\include\rdict.h(189): error C2059: 语法错误:“)” (编译源文件 E:\workspace\funra\source\rbase\common\src\rdict.c)
E:\workspace\funra\source\rbase\..\rbase\common\include\rdict.h(205): error C2143: 语法错误: 缺少“)”(在“*”的前面) (编译源文件 E:\workspace\funra\source\rbase\common\src\rdict.c)
E:\workspace\funra\source\rbase\..\rbase\common\include\rdict.h(205): error C2143: 语法错误: 缺少“{”(在“*”的前面) (编译源文件 E:\workspace\funra\source\rbase\common\src\rdict.c)
E:\workspace\funra\source\rbase\..\rbase\common\include\rdict.h(206): error C2371: “apr_hash_t”: 重定义；不同的基类型 (编译源文件 E:\workspace\funra\source\rbase\common\src\rdict.c)
  E:\workspace\funra\source\rbase\..\rbase\common\include\rdict.h(26): note: 参见“apr_hash_t”的声明 (编译源文件 E:\workspace\funra\source\rbase\common\src\rdict.c)
E:\workspace\funra\source\rbase\..\rbase\common\include\rdict.h(206): warning C4228: 使用了非标准扩展: 忽略声明符列表中逗号后面的限定符 (编译源文件 E:\workspace\funra\source\rbase\common\src\rdict.c)
E:\workspace\funra\source\rbase\..\rbase\common\include\rdict.h(206): error C2143: 语法错误: 缺少“;”(在“*”的前面) (编译源文件 E:\workspace\funra\source\rbase\common\src\rdict.c)
E:\workspace\funra\source\rbase\..\rbase\common\include\rdict.h(207): error C2371: “apr_hash_t”: 重定义；不同的基类型 (编译源文件 E:\workspace\funra\source\rbase\common\src\rdict.c)
  E:\workspace\funra\source\rbase\..\rbase\common\include\rdict.h(26): note: 参见“apr_hash_t”的声明 (编译源文件 E:\workspace\funra\source\rbase\common\src\rdict.c)
E:\workspace\funra\source\rbase\..\rbase\common\include\rdict.h(207): warning C4228: 使用了非标准扩展: 忽略声明符列表中逗号后面的限定符 (编译源文件 E:\workspace\funra\source\rbase\common\src\rdict.c)
E:\workspace\funra\source\rbase\..\rbase\common\include\rdict.h(207): error C2143: 语法错误: 缺少“;”(在“*”的前面) (编译源文件 E:\workspace\funra\source\rbase\common\src\rdict.c)
E:\workspace\funra\source\rbase\..\rbase\common\include\rdict.h(208): error C2059: 语法错误:“类型” (编译源文件 E:\workspace\funra\source\rbase\common\src\rdict.c)
E:\workspace\funra\source\rbase\common\src\rdict.c(26): error C2061: 语法错误: 标识符“apr_hash_entry_t”
E:\workspace\funra\source\rbase\common\src\rdict.c(31): error C2059: 语法错误:“}”
E:\workspace\funra\source\rbase\common\src\rdict.c(35): error C2061: 语法错误: 标识符“apr_hash_entry_t”
E:\workspace\funra\source\rbase\common\src\rdict.c(37): error C2059: 语法错误:“}”
E:\workspace\funra\source\rbase\common\src\rdict.c(47): error C2061: 语法错误: 标识符“apr_pool_t”
E:\workspace\funra\source\rbase\common\src\rdict.c(48): error C2143: 语法错误: 缺少“{”(在“*”的前面)
E:\workspace\funra\source\rbase\common\src\rdict.c(49): error C2079: “iterator”使用未定义的 struct“apr_hash_index_t”
E:\workspace\funra\source\rbase\common\src\rdict.c(51): error C2373: “hash_func”: 重定义；不同的类型修饰符
  E:\workspace\funra\source\rbase\..\rbase\common\include\rdict.h(61): note: 参见“hash_func”的声明
E:\workspace\funra\source\rbase\common\src\rdict.c(52): error C2143: 语法错误: 缺少“{”(在“*”的前面)
E:\workspace\funra\source\rbase\common\src\rdict.c(52): error C2365: “free”: 重定义；以前的定义是“函数”
  D:\Windows Kits\10\Include\10.0.17763.0\ucrt\corecrt_malloc.h(85): note: 参见“free”的声明
E:\workspace\funra\source\rbase\common\src\rdict.c(53): error C2059: 语法错误:“}”
E:\workspace\funra\source\rbase\common\src\rdict.c(62): error C2143: 语法错误: 缺少“{”(在“*”的前面)
E:\workspace\funra\source\rbase\common\src\rdict.c(64): warning C4013: “apr_pcalloc”未定义；假设外部返回 int
E:\workspace\funra\source\rbase\common\src\rdict.c(64): error C2037: “pool”的左侧部分指定未定义的结构/联合“apr_hash_t”
E:\workspace\funra\source\rbase\common\src\rdict.c(64): error C2037: “array”的左侧部分指定未定义的结构/联合“apr_hash_t”
E:\workspace\funra\source\rbase\common\src\rdict.c(64): warning C4047: “return”:“int **”与“int”的间接级别不同
E:\workspace\funra\source\rbase\common\src\rdict.c(67): error C2143: 语法错误: 缺少“)”(在“*”的前面)
E:\workspace\funra\source\rbase\common\src\rdict.c(67): error C2143: 语法错误: 缺少“{”(在“*”的前面)
E:\workspace\funra\source\rbase\common\src\rdict.c(67): error C2059: 语法错误:“)”
E:\workspace\funra\source\rbase\common\src\rdict.c(68): error C2054: 在“pool”之后应输入“(”
E:\workspace\funra\source\rbase\common\src\rdict.c(85): error C2143: 语法错误: 缺少“)”(在“*”的前面)
E:\workspace\funra\source\rbase\common\src\rdict.c(85): error C2143: 语法错误: 缺少“{”(在“*”的前面)
E:\workspace\funra\source\rbase\common\src\rdict.c(86): error C2373: “apr_hashfunc_t”: 重定义；不同的类型修饰符
  E:\workspace\funra\source\rbase\..\rbase\common\include\rdict.h(39): note: 参见“apr_hashfunc_t”的声明
E:\workspace\funra\source\rbase\common\src\rdict.c(86): error C2146: 语法错误: 缺少“;”(在标识符“hash_func”的前面)
E:\workspace\funra\source\rbase\common\src\rdict.c(86): error C2059: 语法错误:“)”
E:\workspace\funra\source\rbase\common\src\rdict.c(87): error C2054: 在“hash_func”之后应输入“(”
E:\workspace\funra\source\rbase\common\src\rdict.c(100): error C2037: “this”的左侧部分指定未定义的结构/联合“apr_hash_index_t”
E:\workspace\funra\source\rbase\common\src\rdict.c(100): error C2037: “next”的左侧部分指定未定义的结构/联合“apr_hash_index_t”
E:\workspace\funra\source\rbase\common\src\rdict.c(101): error C2037: “this”的左侧部分指定未定义的结构/联合“apr_hash_index_t”
E:\workspace\funra\source\rbase\common\src\rdict.c(102): error C2037: “index”的左侧部分指定未定义的结构/联合“apr_hash_index_t”
E:\workspace\funra\source\rbase\common\src\rdict.c(102): error C2037: “ht”的左侧部分指定未定义的结构/联合“apr_hash_index_t”
E:\workspace\funra\source\rbase\common\src\rdict.c(105): error C2037: “this”的左侧部分指定未定义的结构/联合“apr_hash_index_t”
E:\workspace\funra\source\rbase\common\src\rdict.c(105): error C2037: “ht”的左侧部分指定未定义的结构/联合“apr_hash_index_t”
E:\workspace\funra\source\rbase\common\src\rdict.c(105): error C2037: “index”的左侧部分指定未定义的结构/联合“apr_hash_index_t”
E:\workspace\funra\source\rbase\common\src\rdict.c(107): error C2037: “next”的左侧部分指定未定义的结构/联合“apr_hash_index_t”
E:\workspace\funra\source\rbase\common\src\rdict.c(107): error C2037: “this”的左侧部分指定未定义的结构/联合“apr_hash_index_t”
E:\workspace\funra\source\rbase\common\src\rdict.c(111): error C2143: 语法错误: 缺少“)”(在“*”的前面)
E:\workspace\funra\source\rbase\common\src\rdict.c(111): error C2143: 语法错误: 缺少“{”(在“*”的前面)
E:\workspace\funra\source\rbase\common\src\rdict.c(111): error C2371: “apr_hash_t”: 重定义；不同的基类型
  E:\workspace\funra\source\rbase\..\rbase\common\include\rdict.h(26): note: 参见“apr_hash_t”的声明
E:\workspace\funra\source\rbase\common\src\rdict.c(111): error C2143: 语法错误: 缺少“;”(在“*”的前面)
E:\workspace\funra\source\rbase\common\src\rdict.c(111): error C2059: 语法错误:“)”
E:\workspace\funra\source\rbase\common\src\rdict.c(112): error C2054: 在“ht”之后应输入“(”
E:\workspace\funra\source\rbase\common\src\rdict.c(131): error C2037: “this”的左侧部分指定未定义的结构/联合“apr_hash_index_t”
E:\workspace\funra\source\rbase\common\src\rdict.c(132): error C2037: “this”的左侧部分指定未定义的结构/联合“apr_hash_index_t”
E:\workspace\funra\source\rbase\common\src\rdict.c(133): error C2037: “this”的左侧部分指定未定义的结构/联合“apr_hash_index_t”
E:\workspace\funra\source\rbase\common\src\rdict.c(167): error C2065: “apr_hash_entry_t”: 未声明的标识符
E:\workspace\funra\source\rbase\common\src\rdict.c(167): error C2065: “new_array”: 未声明的标识符
E:\workspace\funra\source\rbase\common\src\rdict.c(167): error C2100: 非法的间接寻址
E:\workspace\funra\source\rbase\common\src\rdict.c(167): warning C4552: ”*“: 未使用表达式结果
E:\workspace\funra\source\rbase\common\src\rdict.c(170): error C2037: “max”的左侧部分指定未定义的结构/联合“apr_hash_t”
E:\workspace\funra\source\rbase\common\src\rdict.c(171): error C2065: “new_array”: 未声明的标识符
E:\workspace\funra\source\rbase\common\src\rdict.c(171): warning C4047: “=”:“int”与“int **”的间接级别不同
E:\workspace\funra\source\rbase\common\src\rdict.c(172): warning C4013: “apr_hash_first”未定义；假设外部返回 int
E:\workspace\funra\source\rbase\common\src\rdict.c(172): warning C4047: “=”:“apr_hash_index_t *”与“int”的间接级别不同
E:\workspace\funra\source\rbase\common\src\rdict.c(173): error C2037: “this”的左侧部分指定未定义的结构/联合“apr_hash_index_t”
E:\workspace\funra\source\rbase\common\src\rdict.c(174): error C2037: “this”的左侧部分指定未定义的结构/联合“apr_hash_index_t”
E:\workspace\funra\source\rbase\common\src\rdict.c(174): error C2065: “new_array”: 未声明的标识符
E:\workspace\funra\source\rbase\common\src\rdict.c(174): error C2109: 下标要求数组或指针类型
E:\workspace\funra\source\rbase\common\src\rdict.c(175): error C2065: “new_array”: 未声明的标识符
E:\workspace\funra\source\rbase\common\src\rdict.c(175): error C2109: 下标要求数组或指针类型
E:\workspace\funra\source\rbase\common\src\rdict.c(175): error C2037: “this”的左侧部分指定未定义的结构/联合“apr_hash_index_t”
E:\workspace\funra\source\rbase\common\src\rdict.c(177): error C2037: “array”的左侧部分指定未定义的结构/联合“apr_hash_t”
E:\workspace\funra\source\rbase\common\src\rdict.c(177): error C2065: “new_array”: 未声明的标识符
E:\workspace\funra\source\rbase\common\src\rdict.c(178): error C2037: “max”的左侧部分指定未定义的结构/联合“apr_hash_t”
E:\workspace\funra\source\rbase\common\src\rdict.c(241): error C2061: 语法错误: 标识符“apr_hashfunc_default”
E:\workspace\funra\source\rbase\common\src\rdict.c(241): error C2059: 语法错误:“;”
E:\workspace\funra\source\rbase\common\src\rdict.c(241): error C2059: 语法错误:“<parameter-list>”
E:\workspace\funra\source\rbase\common\src\rdict.c(256): error C2143: 语法错误: 缺少“{”(在“*”的前面)
E:\workspace\funra\source\rbase\common\src\rdict.c(261): error C2065: “apr_hash_entry_t”: 未声明的标识符
E:\workspace\funra\source\rbase\common\src\rdict.c(261): error C2065: “hep”: 未声明的标识符
E:\workspace\funra\source\rbase\common\src\rdict.c(261): error C2100: 非法的间接寻址
E:\workspace\funra\source\rbase\common\src\rdict.c(261): error C2065: “he”: 未声明的标识符
E:\workspace\funra\source\rbase\common\src\rdict.c(264): error C2037: “hash_func”的左侧部分指定未定义的结构/联合“apr_hash_t”
E:\workspace\funra\source\rbase\common\src\rdict.c(265): error C2037: “hash_func”的左侧部分指定未定义的结构/联合“apr_hash_t”
E:\workspace\funra\source\rbase\common\src\rdict.c(267): error C2037: “seed”的左侧部分指定未定义的结构/联合“apr_hash_t”
E:\workspace\funra\source\rbase\common\src\rdict.c(267): fatal error C1003: 错误计数超过 100；正在停止编译
